<!DOCTYPE html PUBLIC "-//W3C//DTD XHTML 1.1//EN" "http://www.w3.org/TR/xhtml11/DTD/xhtml11.dtd">
<html xmlns="http://www.w3.org/1999/xhtml">
<head>
<meta http-equiv="content-type" content="text/html; charset=UTF-8"/>
<title>TestNG Report</title>
<style type="text/css">table {margin-bottom:10px;border-collapse:collapse;empty-cells:show}th,td {border:1px solid #009;padding:.25em .5em}th {vertical-align:bottom}td {vertical-align:top}table a {font-weight:bold}.stripe td {background-color: #E6EBF9}.num {text-align:right}.passedodd td {background-color: #3F3}.passedeven td {background-color: #0A0}.skippedodd td {background-color: #DDD}.skippedeven td {background-color: #CCC}.failedodd td,.attn {background-color: #F33}.failedeven td,.stripe .attn {background-color: #D00}.stacktrace {white-space:pre;font-family:monospace}.totop {font-size:85%;text-align:center;border-bottom:2px solid #000}.invisible {display:none}</style>
</head>
<body>
<table>
<tr><th>Test</th><th># Passed</th><th># Skipped</th><th># Failed</th><th>Time (ms)</th><th>Included Groups</th><th>Excluded Groups</th></tr>
<tr><th colspan="7">myparametertest</th></tr>
<tr><td><a href="#t0">wikipage1</a></td><td class="num">3</td><td class="num">0</td><td class="num attn">1</td><td class="num">14,627</td><td></td><td></td></tr>
<tr class="stripe"><td><a href="#t1">wikipage2</a></td><td class="num">3</td><td class="num">0</td><td class="num attn">1</td><td class="num">13,026</td><td></td><td></td></tr>
<tr><td><a href="#t2">wikipage3</a></td><td class="num">3</td><td class="num">0</td><td class="num attn">1</td><td class="num">12,869</td><td></td><td></td></tr>
<tr><th>Total</th><th class="num">9</th><th class="num">0</th><th class="num attn">3</th><th class="num">40,522</th><th colspan="2"></th></tr>
</table>
<table id='summary'><thead><tr><th>Class</th><th>Method</th><th>Start</th><th>Time (ms)</th></tr></thead><tbody><tr><th colspan="4">myparametertest</th></tr></tbody><tbody id="t0"><tr><th colspan="4">wikipage1 &#8212; failed</th></tr><tr class="failedeven"><td rowspan="1">testNGScripts.ParameterXML</td><td><a href="#m0">LoginTest</a></td><td rowspan="1">1634212251861</td><td rowspan="1">0</td></tr><tr><th colspan="4">wikipage1 &#8212; passed</th></tr><tr class="passedeven"><td rowspan="3">testNGScripts.ParameterXML</td><td><a href="#m1">EnterInputTest</a></td><td rowspan="1">1634212245351</td><td rowspan="1">4832</td></tr><tr class="passedeven"><td><a href="#m2">MainPageTest</a></td><td rowspan="1">1634212250735</td><td rowspan="1">1123</td></tr><tr class="passedeven"><td><a href="#m3">SearchPageTest</a></td><td rowspan="1">1634212250185</td><td rowspan="1">548</td></tr></tbody>
<tbody id="t1"><tr><th colspan="4">wikipage2 &#8212; failed</th></tr><tr class="failedeven"><td rowspan="1">testNGScripts.ParameterXML</td><td><a href="#m4">LoginTest</a></td><td rowspan="1">1634212265013</td><td rowspan="1">0</td></tr><tr><th colspan="4">wikipage2 &#8212; passed</th></tr><tr class="passedeven"><td rowspan="3">testNGScripts.ParameterXML</td><td><a href="#m5">EnterInputTest</a></td><td rowspan="1">1634212258854</td><td rowspan="1">4202</td></tr><tr class="passedeven"><td><a href="#m6">MainPageTest</a></td><td rowspan="1">1634212264098</td><td rowspan="1">913</td></tr><tr class="passedeven"><td><a href="#m7">SearchPageTest</a></td><td rowspan="1">1634212263057</td><td rowspan="1">1040</td></tr></tbody>
<tbody id="t2"><tr><th colspan="4">wikipage3 &#8212; failed</th></tr><tr class="failedeven"><td rowspan="1">testNGScripts.ParameterXML</td><td><a href="#m8">LoginTest</a></td><td rowspan="1">1634212277906</td><td rowspan="1">0</td></tr><tr><th colspan="4">wikipage3 &#8212; passed</th></tr><tr class="passedeven"><td rowspan="3">testNGScripts.ParameterXML</td><td><a href="#m9">EnterInputTest</a></td><td rowspan="1">1634212271914</td><td rowspan="1">4571</td></tr><tr class="passedeven"><td><a href="#m10">MainPageTest</a></td><td rowspan="1">1634212277101</td><td rowspan="1">802</td></tr><tr class="passedeven"><td><a href="#m11">SearchPageTest</a></td><td rowspan="1">1634212276486</td><td rowspan="1">615</td></tr></tbody>
</table>
<h2>wikipage1</h2><h3 id="m0">testNGScripts.ParameterXML#LoginTest</h3><table class="result"><tr><th>Exception</th></tr><tr><td><div class="stacktrace">org.testng.TestNGException: 
Parameter &apos;username&apos; is required by @Test on method LoginTest but has not been marked @Optional or defined
in C:\Users\sonal\eclipse-workspace\08OctMavenSeleniumProject\src\main\resources\TestRunner3.xml
... Removed 28 stack frames</div></td></tr></table><p class="totop"><a href="#summary">back to summary</a></p>
<h3 id="m1">testNGScripts.ParameterXML#EnterInputTest</h3><table class="result"><tr class="param"><th>Parameter #1</th></tr><tr class="param stripe"><td>Jmeter Automation</td></tr></table><p class="totop"><a href="#summary">back to summary</a></p>
<h3 id="m2">testNGScripts.ParameterXML#MainPageTest</h3><table class="result"><tr><th class="invisible"/></tr></table><p class="totop"><a href="#summary">back to summary</a></p>
<h3 id="m3">testNGScripts.ParameterXML#SearchPageTest</h3><table class="result"><tr><th class="invisible"/></tr></table><p class="totop"><a href="#summary">back to summary</a></p>
<h2>wikipage2</h2><h3 id="m4">testNGScripts.ParameterXML#LoginTest</h3><table class="result"><tr><th>Exception</th></tr><tr><td><div class="stacktrace">org.testng.TestNGException: 
Parameter &apos;username&apos; is required by @Test on method LoginTest but has not been marked @Optional or defined
in C:\Users\sonal\eclipse-workspace\08OctMavenSeleniumProject\src\main\resources\TestRunner3.xml
... Removed 28 stack frames</div></td></tr></table><p class="totop"><a href="#summary">back to summary</a></p>
<h3 id="m5">testNGScripts.ParameterXML#EnterInputTest</h3><table class="result"><tr class="param"><th>Parameter #1</th></tr><tr class="param stripe"><td>UFT Automation</td></tr></table><p class="totop"><a href="#summary">back to summary</a></p>
<h3 id="m6">testNGScripts.ParameterXML#MainPageTest</h3><table class="result"><tr><th class="invisible"/></tr></table><p class="totop"><a href="#summary">back to summary</a></p>
<h3 id="m7">testNGScripts.ParameterXML#SearchPageTest</h3><table class="result"><tr><th class="invisible"/></tr></table><p class="totop"><a href="#summary">back to summary</a></p>
<h2>wikipage3</h2><h3 id="m8">testNGScripts.ParameterXML#LoginTest</h3><table class="result"><tr><th>Exception</th></tr><tr><td><div class="stacktrace">org.testng.TestNGException: 
Parameter &apos;username&apos; is required by @Test on method LoginTest but has not been marked @Optional or defined
in C:\Users\sonal\eclipse-workspace\08OctMavenSeleniumProject\src\main\resources\TestRunner3.xml
... Removed 28 stack frames</div></td></tr></table><p class="totop"><a href="#summary">back to summary</a></p>
<h3 id="m9">testNGScripts.ParameterXML#EnterInputTest</h3><table class="result"><tr class="param"><th>Parameter #1</th></tr><tr class="param stripe"><td>Selenium Automation</td></tr></table><p class="totop"><a href="#summary">back to summary</a></p>
<h3 id="m10">testNGScripts.ParameterXML#MainPageTest</h3><table class="result"><tr><th class="invisible"/></tr></table><p class="totop"><a href="#summary">back to summary</a></p>
<h3 id="m11">testNGScripts.ParameterXML#SearchPageTest</h3><table class="result"><tr><th class="invisible"/></tr></table><p class="totop"><a href="#summary">back to summary</a></p>
</body>
</html>
