<?xml version="1.0" encoding="UTF-8"?>
<testng-results ignored="0" total="12" passed="9" failed="3" skipped="0">
  <reporter-output>
  </reporter-output>
  <suite started-at="2021-10-14T11:50:41Z" name="myparametertest" finished-at="2021-10-14T11:51:22Z" duration-ms="40587">
    <groups>
    </groups>
    <test started-at="2021-10-14T11:50:41Z" name="wikipage1" finished-at="2021-10-14T11:50:56Z" duration-ms="14627">
      <class name="testNGScripts.ParameterXML">
        <test-method is-config="true" signature="setBrowser()[pri:0, instance:testNGScripts.ParameterXML@13526e59]" started-at="2021-10-14T11:50:41Z" name="setBrowser" finished-at="2021-10-14T11:50:45Z" duration-ms="3828" status="PASS">
          <reporter-output>
          </reporter-output>
        </test-method> <!-- setBrowser -->
        <test-method signature="EnterInputTest(java.lang.String)[pri:49, instance:testNGScripts.ParameterXML@13526e59]" started-at="2021-10-14T11:50:45Z" name="EnterInputTest" finished-at="2021-10-14T11:50:50Z" duration-ms="4832" status="PASS">
          <params>
            <param index="0">
              <value>
                <![CDATA[Jmeter Automation]]>
              </value>
            </param>
          </params>
          <reporter-output>
          </reporter-output>
        </test-method> <!-- EnterInputTest -->
        <test-method signature="SearchPageTest()[pri:50, instance:testNGScripts.ParameterXML@13526e59]" started-at="2021-10-14T11:50:50Z" name="SearchPageTest" finished-at="2021-10-14T11:50:50Z" duration-ms="548" status="PASS">
          <reporter-output>
          </reporter-output>
        </test-method> <!-- SearchPageTest -->
        <test-method signature="MainPageTest()[pri:51, instance:testNGScripts.ParameterXML@13526e59]" started-at="2021-10-14T11:50:50Z" name="MainPageTest" finished-at="2021-10-14T11:50:51Z" duration-ms="1123" status="PASS">
          <reporter-output>
          </reporter-output>
        </test-method> <!-- MainPageTest -->
        <test-method signature="LoginTest(java.lang.String, java.lang.String)[pri:52, instance:testNGScripts.ParameterXML@13526e59]" started-at="2021-10-14T11:50:51Z" name="LoginTest" finished-at="2021-10-14T11:50:51Z" duration-ms="0" status="FAIL">
          <exception class="org.testng.TestNGException">
            <message>
              <![CDATA[
Parameter 'username' is required by @Test on method LoginTest but has not been marked @Optional or defined
in C:\Users\sonal\eclipse-workspace\08OctMavenSeleniumProject\src\main\resources\TestRunner3.xml]]>
            </message>
            <full-stacktrace>
              <![CDATA[org.testng.TestNGException: 
Parameter 'username' is required by @Test on method LoginTest but has not been marked @Optional or defined
in C:\Users\sonal\eclipse-workspace\08OctMavenSeleniumProject\src\main\resources\TestRunner3.xml
at org.testng.internal.Parameters.createParams(Parameters.java:290)
at org.testng.internal.Parameters.createParametersForMethod(Parameters.java:359)
at org.testng.internal.Parameters.createParameters(Parameters.java:620)
at org.testng.internal.Parameters.handleParameters(Parameters.java:769)
at org.testng.internal.ParameterHandler.handleParameters(ParameterHandler.java:49)
at org.testng.internal.ParameterHandler.createParameters(ParameterHandler.java:37)
at org.testng.internal.Invoker.invokeTestMethods(Invoker.java:924)
at org.testng.internal.TestMethodWorker.invokeTestMethods(TestMethodWorker.java:125)
at org.testng.internal.TestMethodWorker.run(TestMethodWorker.java:109)
at org.testng.TestRunner.privateRun(TestRunner.java:648)
at org.testng.TestRunner.run(TestRunner.java:505)
at org.testng.SuiteRunner.runTest(SuiteRunner.java:455)
at org.testng.SuiteRunner.runSequentially(SuiteRunner.java:450)
at org.testng.SuiteRunner.privateRun(SuiteRunner.java:415)
at org.testng.SuiteRunner.run(SuiteRunner.java:364)
at org.testng.SuiteRunnerWorker.runSuite(SuiteRunnerWorker.java:52)
at org.testng.SuiteRunnerWorker.run(SuiteRunnerWorker.java:84)
at org.testng.TestNG.runSuitesSequentially(TestNG.java:1208)
at org.testng.TestNG.runSuitesLocally(TestNG.java:1137)
at org.testng.TestNG.runSuites(TestNG.java:1049)
at org.testng.TestNG.run(TestNG.java:1017)
at org.apache.maven.surefire.testng.TestNGExecutor.run(TestNGExecutor.java:283)
at org.apache.maven.surefire.testng.TestNGXmlTestSuite.execute(TestNGXmlTestSuite.java:75)
at org.apache.maven.surefire.testng.TestNGProvider.invoke(TestNGProvider.java:120)
at org.apache.maven.surefire.booter.ForkedBooter.invokeProviderInSameClassLoader(ForkedBooter.java:379)
at org.apache.maven.surefire.booter.ForkedBooter.runSuitesInProcess(ForkedBooter.java:340)
at org.apache.maven.surefire.booter.ForkedBooter.execute(ForkedBooter.java:125)
at org.apache.maven.surefire.booter.ForkedBooter.main(ForkedBooter.java:413)
]]>
            </full-stacktrace>
          </exception> <!-- org.testng.TestNGException -->
          <reporter-output>
          </reporter-output>
        </test-method> <!-- LoginTest -->
        <test-method is-config="true" signature="closeBrowser()[pri:0, instance:testNGScripts.ParameterXML@13526e59]" started-at="2021-10-14T11:50:51Z" name="closeBrowser" finished-at="2021-10-14T11:50:56Z" duration-ms="4266" status="PASS">
          <reporter-output>
          </reporter-output>
        </test-method> <!-- closeBrowser -->
      </class> <!-- testNGScripts.ParameterXML -->
    </test> <!-- wikipage1 -->
    <test started-at="2021-10-14T11:50:56Z" name="wikipage2" finished-at="2021-10-14T11:51:09Z" duration-ms="13026">
      <class name="testNGScripts.ParameterXML">
        <test-method is-config="true" signature="setBrowser()[pri:0, instance:testNGScripts.ParameterXML@74287ea3]" started-at="2021-10-14T11:50:56Z" name="setBrowser" finished-at="2021-10-14T11:50:58Z" duration-ms="2660" status="PASS">
          <reporter-output>
          </reporter-output>
        </test-method> <!-- setBrowser -->
        <test-method signature="EnterInputTest(java.lang.String)[pri:49, instance:testNGScripts.ParameterXML@74287ea3]" started-at="2021-10-14T11:50:58Z" name="EnterInputTest" finished-at="2021-10-14T11:51:03Z" duration-ms="4202" status="PASS">
          <params>
            <param index="0">
              <value>
                <![CDATA[UFT Automation]]>
              </value>
            </param>
          </params>
          <reporter-output>
          </reporter-output>
        </test-method> <!-- EnterInputTest -->
        <test-method signature="SearchPageTest()[pri:50, instance:testNGScripts.ParameterXML@74287ea3]" started-at="2021-10-14T11:51:03Z" name="SearchPageTest" finished-at="2021-10-14T11:51:04Z" duration-ms="1040" status="PASS">
          <reporter-output>
          </reporter-output>
        </test-method> <!-- SearchPageTest -->
        <test-method signature="MainPageTest()[pri:51, instance:testNGScripts.ParameterXML@74287ea3]" started-at="2021-10-14T11:51:04Z" name="MainPageTest" finished-at="2021-10-14T11:51:05Z" duration-ms="913" status="PASS">
          <reporter-output>
          </reporter-output>
        </test-method> <!-- MainPageTest -->
        <test-method signature="LoginTest(java.lang.String, java.lang.String)[pri:52, instance:testNGScripts.ParameterXML@74287ea3]" started-at="2021-10-14T11:51:05Z" name="LoginTest" finished-at="2021-10-14T11:51:05Z" duration-ms="0" status="FAIL">
          <exception class="org.testng.TestNGException">
            <message>
              <![CDATA[
Parameter 'username' is required by @Test on method LoginTest but has not been marked @Optional or defined
in C:\Users\sonal\eclipse-workspace\08OctMavenSeleniumProject\src\main\resources\TestRunner3.xml]]>
            </message>
            <full-stacktrace>
              <![CDATA[org.testng.TestNGException: 
Parameter 'username' is required by @Test on method LoginTest but has not been marked @Optional or defined
in C:\Users\sonal\eclipse-workspace\08OctMavenSeleniumProject\src\main\resources\TestRunner3.xml
at org.testng.internal.Parameters.createParams(Parameters.java:290)
at org.testng.internal.Parameters.createParametersForMethod(Parameters.java:359)
at org.testng.internal.Parameters.createParameters(Parameters.java:620)
at org.testng.internal.Parameters.handleParameters(Parameters.java:769)
at org.testng.internal.ParameterHandler.handleParameters(ParameterHandler.java:49)
at org.testng.internal.ParameterHandler.createParameters(ParameterHandler.java:37)
at org.testng.internal.Invoker.invokeTestMethods(Invoker.java:924)
at org.testng.internal.TestMethodWorker.invokeTestMethods(TestMethodWorker.java:125)
at org.testng.internal.TestMethodWorker.run(TestMethodWorker.java:109)
at org.testng.TestRunner.privateRun(TestRunner.java:648)
at org.testng.TestRunner.run(TestRunner.java:505)
at org.testng.SuiteRunner.runTest(SuiteRunner.java:455)
at org.testng.SuiteRunner.runSequentially(SuiteRunner.java:450)
at org.testng.SuiteRunner.privateRun(SuiteRunner.java:415)
at org.testng.SuiteRunner.run(SuiteRunner.java:364)
at org.testng.SuiteRunnerWorker.runSuite(SuiteRunnerWorker.java:52)
at org.testng.SuiteRunnerWorker.run(SuiteRunnerWorker.java:84)
at org.testng.TestNG.runSuitesSequentially(TestNG.java:1208)
at org.testng.TestNG.runSuitesLocally(TestNG.java:1137)
at org.testng.TestNG.runSuites(TestNG.java:1049)
at org.testng.TestNG.run(TestNG.java:1017)
at org.apache.maven.surefire.testng.TestNGExecutor.run(TestNGExecutor.java:283)
at org.apache.maven.surefire.testng.TestNGXmlTestSuite.execute(TestNGXmlTestSuite.java:75)
at org.apache.maven.surefire.testng.TestNGProvider.invoke(TestNGProvider.java:120)
at org.apache.maven.surefire.booter.ForkedBooter.invokeProviderInSameClassLoader(ForkedBooter.java:379)
at org.apache.maven.surefire.booter.ForkedBooter.runSuitesInProcess(ForkedBooter.java:340)
at org.apache.maven.surefire.booter.ForkedBooter.execute(ForkedBooter.java:125)
at org.apache.maven.surefire.booter.ForkedBooter.main(ForkedBooter.java:413)
]]>
            </full-stacktrace>
          </exception> <!-- org.testng.TestNGException -->
          <reporter-output>
          </reporter-output>
        </test-method> <!-- LoginTest -->
        <test-method is-config="true" signature="closeBrowser()[pri:0, instance:testNGScripts.ParameterXML@74287ea3]" started-at="2021-10-14T11:51:05Z" name="closeBrowser" finished-at="2021-10-14T11:51:09Z" duration-ms="4204" status="PASS">
          <reporter-output>
          </reporter-output>
        </test-method> <!-- closeBrowser -->
      </class> <!-- testNGScripts.ParameterXML -->
    </test> <!-- wikipage2 -->
    <test started-at="2021-10-14T11:51:09Z" name="wikipage3" finished-at="2021-10-14T11:51:22Z" duration-ms="12869">
      <class name="testNGScripts.ParameterXML">
        <test-method is-config="true" signature="setBrowser()[pri:0, instance:testNGScripts.ParameterXML@68878f6d]" started-at="2021-10-14T11:51:09Z" name="setBrowser" finished-at="2021-10-14T11:51:11Z" duration-ms="2688" status="PASS">
          <reporter-output>
          </reporter-output>
        </test-method> <!-- setBrowser -->
        <test-method signature="EnterInputTest(java.lang.String)[pri:49, instance:testNGScripts.ParameterXML@68878f6d]" started-at="2021-10-14T11:51:11Z" name="EnterInputTest" finished-at="2021-10-14T11:51:16Z" duration-ms="4571" status="PASS">
          <params>
            <param index="0">
              <value>
                <![CDATA[Selenium Automation]]>
              </value>
            </param>
          </params>
          <reporter-output>
          </reporter-output>
        </test-method> <!-- EnterInputTest -->
        <test-method signature="SearchPageTest()[pri:50, instance:testNGScripts.ParameterXML@68878f6d]" started-at="2021-10-14T11:51:16Z" name="SearchPageTest" finished-at="2021-10-14T11:51:17Z" duration-ms="615" status="PASS">
          <reporter-output>
          </reporter-output>
        </test-method> <!-- SearchPageTest -->
        <test-method signature="MainPageTest()[pri:51, instance:testNGScripts.ParameterXML@68878f6d]" started-at="2021-10-14T11:51:17Z" name="MainPageTest" finished-at="2021-10-14T11:51:17Z" duration-ms="802" status="PASS">
          <reporter-output>
          </reporter-output>
        </test-method> <!-- MainPageTest -->
        <test-method signature="LoginTest(java.lang.String, java.lang.String)[pri:52, instance:testNGScripts.ParameterXML@68878f6d]" started-at="2021-10-14T11:51:17Z" name="LoginTest" finished-at="2021-10-14T11:51:17Z" duration-ms="0" status="FAIL">
          <exception class="org.testng.TestNGException">
            <message>
              <![CDATA[
Parameter 'username' is required by @Test on method LoginTest but has not been marked @Optional or defined
in C:\Users\sonal\eclipse-workspace\08OctMavenSeleniumProject\src\main\resources\TestRunner3.xml]]>
            </message>
            <full-stacktrace>
              <![CDATA[org.testng.TestNGException: 
Parameter 'username' is required by @Test on method LoginTest but has not been marked @Optional or defined
in C:\Users\sonal\eclipse-workspace\08OctMavenSeleniumProject\src\main\resources\TestRunner3.xml
at org.testng.internal.Parameters.createParams(Parameters.java:290)
at org.testng.internal.Parameters.createParametersForMethod(Parameters.java:359)
at org.testng.internal.Parameters.createParameters(Parameters.java:620)
at org.testng.internal.Parameters.handleParameters(Parameters.java:769)
at org.testng.internal.ParameterHandler.handleParameters(ParameterHandler.java:49)
at org.testng.internal.ParameterHandler.createParameters(ParameterHandler.java:37)
at org.testng.internal.Invoker.invokeTestMethods(Invoker.java:924)
at org.testng.internal.TestMethodWorker.invokeTestMethods(TestMethodWorker.java:125)
at org.testng.internal.TestMethodWorker.run(TestMethodWorker.java:109)
at org.testng.TestRunner.privateRun(TestRunner.java:648)
at org.testng.TestRunner.run(TestRunner.java:505)
at org.testng.SuiteRunner.runTest(SuiteRunner.java:455)
at org.testng.SuiteRunner.runSequentially(SuiteRunner.java:450)
at org.testng.SuiteRunner.privateRun(SuiteRunner.java:415)
at org.testng.SuiteRunner.run(SuiteRunner.java:364)
at org.testng.SuiteRunnerWorker.runSuite(SuiteRunnerWorker.java:52)
at org.testng.SuiteRunnerWorker.run(SuiteRunnerWorker.java:84)
at org.testng.TestNG.runSuitesSequentially(TestNG.java:1208)
at org.testng.TestNG.runSuitesLocally(TestNG.java:1137)
at org.testng.TestNG.runSuites(TestNG.java:1049)
at org.testng.TestNG.run(TestNG.java:1017)
at org.apache.maven.surefire.testng.TestNGExecutor.run(TestNGExecutor.java:283)
at org.apache.maven.surefire.testng.TestNGXmlTestSuite.execute(TestNGXmlTestSuite.java:75)
at org.apache.maven.surefire.testng.TestNGProvider.invoke(TestNGProvider.java:120)
at org.apache.maven.surefire.booter.ForkedBooter.invokeProviderInSameClassLoader(ForkedBooter.java:379)
at org.apache.maven.surefire.booter.ForkedBooter.runSuitesInProcess(ForkedBooter.java:340)
at org.apache.maven.surefire.booter.ForkedBooter.execute(ForkedBooter.java:125)
at org.apache.maven.surefire.booter.ForkedBooter.main(ForkedBooter.java:413)
]]>
            </full-stacktrace>
          </exception> <!-- org.testng.TestNGException -->
          <reporter-output>
          </reporter-output>
        </test-method> <!-- LoginTest -->
        <test-method is-config="true" signature="closeBrowser()[pri:0, instance:testNGScripts.ParameterXML@68878f6d]" started-at="2021-10-14T11:51:17Z" name="closeBrowser" finished-at="2021-10-14T11:51:22Z" duration-ms="4187" status="PASS">
          <reporter-output>
          </reporter-output>
        </test-method> <!-- closeBrowser -->
      </class> <!-- testNGScripts.ParameterXML -->
    </test> <!-- wikipage3 -->
  </suite> <!-- myparametertest -->
</testng-results>
