<?xml version="1.0" encoding="UTF-8"?>
<!-- Generated by org.testng.reporters.JUnitXMLReporter -->
<testsuite ignored="0" hostname="LAPTOP-DOBLN3AU" failures="1" tests="4" name="wikipage2" time="13.026" errors="0" timestamp="14 Oct 2021 11:51:09 GMT">
  <testcase classname="testNGScripts.ParameterXML" name="EnterInputTest" time="4.202"/>
  <testcase classname="testNGScripts.ParameterXML" name="SearchPageTest" time="1.04"/>
  <testcase classname="testNGScripts.ParameterXML" name="MainPageTest" time="0.913"/>
  <testcase classname="testNGScripts.ParameterXML" name="LoginTest" time="0.0">
    <failure type="org.testng.TestNGException" message="
Parameter &amp;apos;username&amp;apos; is required by @Test on method LoginTest but has not been marked @Optional or defined
in C:\Users\sonal\eclipse-workspace\08OctMavenSeleniumProject\src\main\resources\TestRunner3.xml">
      <![CDATA[org.testng.TestNGException: 
Parameter 'username' is required by @Test on method LoginTest but has not been marked @Optional or defined
in C:\Users\sonal\eclipse-workspace\08OctMavenSeleniumProject\src\main\resources\TestRunner3.xml
... Removed 28 stack frames]]>
    </failure>
  </testcase> <!-- LoginTest -->
</testsuite> <!-- wikipage2 -->
