<?xml version="1.0" encoding="UTF-8"?>
<!-- Generated by org.testng.reporters.JUnitXMLReporter -->
<testsuite ignored="0" hostname="LAPTOP-DOBLN3AU" failures="1" tests="4" name="wikipage1" time="14.627" errors="0" timestamp="14 Oct 2021 11:50:56 GMT">
  <testcase classname="testNGScripts.ParameterXML" name="EnterInputTest" time="4.832"/>
  <testcase classname="testNGScripts.ParameterXML" name="SearchPageTest" time="0.548"/>
  <testcase classname="testNGScripts.ParameterXML" name="MainPageTest" time="1.123"/>
  <testcase classname="testNGScripts.ParameterXML" name="LoginTest" time="0.0">
    <failure type="org.testng.TestNGException" message="
Parameter &amp;apos;username&amp;apos; is required by @Test on method LoginTest but has not been marked @Optional or defined
in C:\Users\sonal\eclipse-workspace\08OctMavenSeleniumProject\src\main\resources\TestRunner3.xml">
      <![CDATA[org.testng.TestNGException: 
Parameter 'username' is required by @Test on method LoginTest but has not been marked @Optional or defined
in C:\Users\sonal\eclipse-workspace\08OctMavenSeleniumProject\src\main\resources\TestRunner3.xml
... Removed 28 stack frames]]>
    </failure>
  </testcase> <!-- LoginTest -->
</testsuite> <!-- wikipage1 -->
